<?xml version="1.0" encoding="UTF-8"?>
<testng-results ignored="0" total="1" passed="1" failed="0" skipped="0">
  <reporter-output>
  </reporter-output>
  <suite started-at="2025-04-22T00:54:00 IST" name="Suite" finished-at="2025-04-22T00:54:11 IST" duration-ms="10464">
    <groups>
    </groups>
    <test started-at="2025-04-22T00:54:00 IST" name="Test" finished-at="2025-04-22T00:54:11 IST" duration-ms="10464">
      <class name="testCases.TC_01_LoginTest">
        <test-method is-config="true" signature="setUp(java.lang.String)[pri:0, instance:testCases.TC_01_LoginTest@52e6fdee]" started-at="2025-04-22T00:54:00 IST" name="setUp" finished-at="2025-04-22T00:54:08 IST" duration-ms="8004" status="PASS">
          <params>
            <param index="0">
              <value>
                <![CDATA[edge]]>
              </value>
            </param>
          </params>
          <reporter-output>
          </reporter-output>
        </test-method> <!-- setUp -->
        <test-method signature="LoginTest()[pri:0, instance:testCases.TC_01_LoginTest@52e6fdee]" started-at="2025-04-22T00:54:08 IST" name="LoginTest" finished-at="2025-04-22T00:54:10 IST" duration-ms="2104" status="PASS">
          <reporter-output>
          </reporter-output>
        </test-method> <!-- LoginTest -->
        <test-method is-config="true" signature="teardown()[pri:0, instance:testCases.TC_01_LoginTest@52e6fdee]" started-at="2025-04-22T00:54:10 IST" name="teardown" finished-at="2025-04-22T00:54:11 IST" duration-ms="308" status="PASS">
          <reporter-output>
          </reporter-output>
        </test-method> <!-- teardown -->
      </class> <!-- testCases.TC_01_LoginTest -->
    </test> <!-- Test -->
  </suite> <!-- Suite -->
</testng-results>
